<?xml version="1.0" encoding="UTF-8"?>
<!-- Generated by org.testng.reporters.JUnitXMLReporter -->
<testsuite hostname="Lenin-PC" ignored="0" name="Sprint1" tests="3" failures="1" timestamp="28 Mar 2020 05:53:56 GMT" time="0.141" errors="0">
  <testcase name="testtwitter" time="0.024" classname="testNGtutorial.failedTestCasesRerun.mukeshotwaniway1.TestCase2"/>
  <testcase name="testwordpress" time="0.005" classname="testNGtutorial.failedTestCasesRerun.mukeshotwaniway1.TestCase3">
    <failure type="java.lang.AssertionError" message="expected [true] but found [false]">
      <![CDATA[java.lang.AssertionError: expected [true] but found [false]
	at testNGtutorial.failedTestCasesRerun.mukeshotwaniway1.TestCase3.testwordpress(TestCase3.java:11)
... Removed 29 stack frames]]>
    </failure>
  </testcase> <!-- testwordpress -->
  <testcase name="testfb" time="0.003" classname="testNGtutorial.failedTestCasesRerun.mukeshotwaniway1.TestCase1"/>
</testsuite> <!-- Sprint1 -->
