<?xml version="1.0" encoding="UTF-8"?>
<!-- Generated by org.testng.reporters.JUnitXMLReporter -->
<testsuite hostname="Lenin-PC" ignored="0" name="Default test" tests="12" failures="0" timestamp="16 May 2020 15:56:18 GMT" time="2.056" errors="0">
  <testcase name="integrationTest" time="0.059" classname="sample.DataProviderWorkAround"/>
  <testcase name="integrationTest" time="0.003" classname="sample.DataProviderWorkAround"/>
  <testcase name="integrationTest" time="0.002" classname="sample.DataProviderWorkAround"/>
  <testcase name="run" time="0.002" classname="sample.DataProviderWorkAround"/>
  <testcase name="run" time="0.001" classname="sample.DataProviderWorkAround"/>
  <testcase name="run" time="0.001" classname="sample.DataProviderWorkAround"/>
  <testcase name="run" time="0.002" classname="sample.DataProviderWorkAround"/>
  <testcase name="run" time="0.001" classname="sample.DataProviderWorkAround"/>
  <testcase name="run" time="0.002" classname="sample.DataProviderWorkAround"/>
  <testcase name="validateUser" time="0.001" classname="sample.DataProviderWorkAround"/>
  <testcase name="validateUser" time="0.002" classname="sample.DataProviderWorkAround"/>
  <testcase name="validateUser" time="0.032" classname="sample.DataProviderWorkAround"/>
</testsuite> <!-- Default test -->
