<?xml version="1.0" encoding="UTF-8"?>
<!-- Generated by org.testng.reporters.JUnitXMLReporter -->
<testsuite hostname="Lenin-PC" ignored="0" name="Regression 2" tests="4" failures="0" timestamp="29 Feb 2020 18:58:12 GMT" time="0.033" errors="0">
  <testcase name="testCaseOne" time="0.003" classname="seleniumPrograms.TestParallelOne"/>
  <testcase name="testCaseThree" time="0.003" classname="seleniumPrograms.TestParallelOne"/>
  <testcase name="testCaseTwo" time="0.003" classname="seleniumPrograms.TestParallelOne"/>
  <testcase name="testCaseFour" time="0.015" classname="seleniumPrograms.TestParallelOne"/>
</testsuite> <!-- Regression 2 -->
