<?xml version="1.0" encoding="UTF-8"?>
<!-- Generated by org.testng.reporters.JUnitXMLReporter -->
<testsuite hostname="Lenin-PC" ignored="0" name="Sprint1(failed)" tests="1" failures="1" timestamp="28 Mar 2020 06:26:12 GMT" time="0.04" errors="0">
  <testcase name="testwordpress" time="0.011" classname="testNGtutorial.failedTestCasesRerun.mukeshotwaniway1.TestCase3">
    <failure type="java.lang.AssertionError" message="expected [true] but found [false]">
      <![CDATA[java.lang.AssertionError: expected [true] but found [false]
	at testNGtutorial.failedTestCasesRerun.mukeshotwaniway1.TestCase3.testwordpress(TestCase3.java:11)
	at testNGtutorial.failedTestCasesRerun.mukeshotwaniway1.Runner.TestRunner.main(TestRunner.java:16)
... Removed 26 stack frames]]>
    </failure>
  </testcase> <!-- testwordpress -->
</testsuite> <!-- Sprint1(failed) -->
