<?xml version="1.0" encoding="UTF-8"?>
<!-- Generated by org.testng.reporters.JUnitXMLReporter -->
<testsuite hostname="Lenin-PC" ignored="3" name="chrome" tests="3" failures="0" timestamp="09 Apr 2020 13:59:58 GMT" time="0.072" errors="0">
  <testcase name="tc_3" time="0.021" classname="testNGrelated.RegressionCases"/>
  <testcase name="tc_4" time="0.002" classname="testNGrelated.RegressionCases"/>
  <testcase name="tc_45" time="0.005" classname="testNGrelated.SmokeCases"/>
  <testcase name="tc_2" time="0.0" classname="testNGrelated.SmokeCases">
    <ignored/>
  </testcase> <!-- tc_2 -->
  <testcase name="tc_1" time="0.0" classname="testNGrelated.SmokeCases">
    <ignored/>
  </testcase> <!-- tc_1 -->
  <testcase name="tc_5" time="0.0" classname="testNGrelated.RegressionCases">
    <ignored/>
  </testcase> <!-- tc_5 -->
</testsuite> <!-- chrome -->
