<?xml version="1.0" encoding="UTF-8"?>
<!-- Generated by org.testng.reporters.JUnitXMLReporter -->
<testsuite hostname="Lenin-PC" ignored="5" name="Regression" tests="2" failures="0" timestamp="08 May 2020 07:28:06 GMT" time="0.011" errors="0">
  <testcase name="b" time="0.002" classname="WiproPractice.testngQuestionsAndPractice.Test1"/>
  <testcase name="g" time="0.002" classname="WiproPractice.testngQuestionsAndPractice.Test1"/>
  <testcase name="f" time="0.0" classname="WiproPractice.testngQuestionsAndPractice.Test1">
    <ignored/>
  </testcase> <!-- f -->
  <testcase name="a" time="0.0" classname="WiproPractice.testngQuestionsAndPractice.Test1">
    <ignored/>
  </testcase> <!-- a -->
  <testcase name="c" time="0.0" classname="WiproPractice.testngQuestionsAndPractice.Test1">
    <ignored/>
  </testcase> <!-- c -->
  <testcase name="e" time="0.0" classname="WiproPractice.testngQuestionsAndPractice.Test1">
    <ignored/>
  </testcase> <!-- e -->
  <testcase name="d" time="0.0" classname="WiproPractice.testngQuestionsAndPractice.Test1">
    <ignored/>
  </testcase> <!-- d -->
</testsuite> <!-- Regression -->
