<?xml version="1.0" encoding="UTF-8"?>
<!-- Generated by org.testng.reporters.JUnitXMLReporter -->
<testsuite hostname="Lenin-PC" ignored="2" name="Test" tests="5" failures="0" timestamp="08 May 2020 07:21:21 GMT" time="0.123" errors="0">
  <testcase name="a" time="0.028" classname="companies.intrvwQustns.WiproPractice.testngQuestionsAndPractice.Test1"/>
  <testcase name="c" time="0.005" classname="companies.intrvwQustns.WiproPractice.testngQuestionsAndPractice.Test1"/>
  <testcase name="d" time="0.003" classname="companies.intrvwQustns.WiproPractice.testngQuestionsAndPractice.Test1"/>
  <testcase name="e" time="0.003" classname="companies.intrvwQustns.WiproPractice.testngQuestionsAndPractice.Test1"/>
  <testcase name="f" time="0.002" classname="companies.intrvwQustns.WiproPractice.testngQuestionsAndPractice.Test1"/>
  <testcase name="b" time="0.0" classname="companies.intrvwQustns.WiproPractice.testngQuestionsAndPractice.Test1">
    <ignored/>
  </testcase> <!-- b -->
  <testcase name="g" time="0.0" classname="companies.intrvwQustns.WiproPractice.testngQuestionsAndPractice.Test1">
    <ignored/>
  </testcase> <!-- g -->
</testsuite> <!-- Test -->
