<?xml version="1.0" encoding="UTF-8"?>
<!-- Generated by org.testng.reporters.JUnitXMLReporter -->
<testsuite hostname="Lenin-PC" ignored="0" name="RetryMulitpleFailedTestCases" tests="9" failures="2" timestamp="28 Mar 2020 07:17:55 GMT" time="0.121" errors="0">
  <testcase name="Test1" time="0.032" classname="testNGtutorial.failedTestCasesRerun.NaveenAL.Analyzer.AllMyTests">
    <skipped/>
  </testcase> <!-- Test1 -->
  <testcase name="Test1" time="0.005" classname="testNGtutorial.failedTestCasesRerun.NaveenAL.Analyzer.AllMyTests">
    <skipped/>
  </testcase> <!-- Test1 -->
  <testcase name="Test1" time="0.001" classname="testNGtutorial.failedTestCasesRerun.NaveenAL.Analyzer.AllMyTests">
    <skipped/>
  </testcase> <!-- Test1 -->
  <testcase name="Test1" time="0.001" classname="testNGtutorial.failedTestCasesRerun.NaveenAL.Analyzer.AllMyTests">
    <failure type="java.lang.AssertionError" message="expected [true] but found [false]">
      <![CDATA[java.lang.AssertionError: expected [true] but found [false]
	at testNGtutorial.failedTestCasesRerun.NaveenAL.Analyzer.AllMyTests.Test1(AllMyTests.java:7)
... Removed 31 stack frames]]>
    </failure>
  </testcase> <!-- Test1 -->
  <testcase name="Test2" time="0.001" classname="testNGtutorial.failedTestCasesRerun.NaveenAL.Analyzer.AllMyTests">
    <skipped/>
  </testcase> <!-- Test2 -->
  <testcase name="Test2" time="0.002" classname="testNGtutorial.failedTestCasesRerun.NaveenAL.Analyzer.AllMyTests">
    <skipped/>
  </testcase> <!-- Test2 -->
  <testcase name="Test2" time="0.001" classname="testNGtutorial.failedTestCasesRerun.NaveenAL.Analyzer.AllMyTests">
    <skipped/>
  </testcase> <!-- Test2 -->
  <testcase name="Test2" time="0.003" classname="testNGtutorial.failedTestCasesRerun.NaveenAL.Analyzer.AllMyTests">
    <failure type="java.lang.AssertionError" message="expected [true] but found [false]">
      <![CDATA[java.lang.AssertionError: expected [true] but found [false]
	at testNGtutorial.failedTestCasesRerun.NaveenAL.Analyzer.AllMyTests.Test2(AllMyTests.java:11)
... Removed 31 stack frames]]>
    </failure>
  </testcase> <!-- Test2 -->
  <testcase name="Test3" time="0.002" classname="testNGtutorial.failedTestCasesRerun.NaveenAL.Analyzer.AllMyTests"/>
</testsuite> <!-- RetryMulitpleFailedTestCases -->
