<?xml version="1.0" encoding="UTF-8"?>
<!-- Generated by org.testng.reporters.JUnitXMLReporter -->
<testsuite hostname="Lenin-PC" name="TestNG Test Group" tests="7" failures="0" timestamp="11 Apr 2019 05:55:50 GMT" time="21.991" errors="0">
  <testcase name="testPageTitleSampleA" time="2.345" classname="com.test.TestA"/>
  <testcase name="testSampleThree" time="0.0" classname="com.test.TestA"/>
  <testcase name="testSampleTwo" time="0.001" classname="com.test.TestA"/>
  <testcase name="testPageTitleSampleB" time="2.381" classname="com.test.TestB"/>
  <testcase name="testSampleOne" time="0.0" classname="com.test.TestB"/>
  <testcase name="testSampleThree" time="0.0" classname="com.test.TestB"/>
  <testcase name="testSampleTwo" time="0.0" classname="com.test.TestB"/>
</testsuite> <!-- TestNG Test Group -->
