<?xml version="1.0" encoding="UTF-8"?>
<!-- Generated by org.testng.reporters.JUnitXMLReporter -->
<testsuite hostname="Lenin-PC" ignored="0" name="Acceptance level" tests="4" failures="0" timestamp="06 Aug 2017 15:22:14 GMT" time="0.047" errors="0">
  <testcase name="unitLevel1" time="0.0" classname="testNGtutorial.B4Method.TestClassMethod"/>
  <testcase name="unitLevel2" time="0.0" classname="testNGtutorial.B4Method.TestClassMethod"/>
  <testcase name="unitLevel1" time="0.0" classname="testNGtutorial.B4Method.TestClassMethod2"/>
  <testcase name="unitLevel2" time="0.0" classname="testNGtutorial.B4Method.TestClassMethod2"/>
</testsuite> <!-- Acceptance level -->
